This is pdfTeX, Version 3.14159265-2.6-1.40.20 (TeX Live 2019/Arch Linux) (preloaded format=pdflatex 2020.2.23)  17 MAR 2020 14:49
entering extended mode
 restricted \write18 enabled.
 %&-line parsing enabled.
**dipp.tex
(./dipp.tex
LaTeX2e <2019-10-01> patch level 1
(./hlavicka.tex (/usr/share/texmf-dist/tex/latex/base/article.cls
Document Class: article 2019/08/27 v1.4j Standard LaTeX document class
(/usr/share/texmf-dist/tex/latex/base/size12.clo
File: size12.clo 2019/08/27 v1.4j Standard LaTeX file (size option)
)
\c@part=\count80
\c@section=\count81
\c@subsection=\count82
\c@subsubsection=\count83
\c@paragraph=\count84
\c@subparagraph=\count85
\c@figure=\count86
\c@table=\count87
\abovecaptionskip=\skip41
\belowcaptionskip=\skip42
\bibindent=\dimen102
)
(/usr/share/texmf-dist/tex/latex/base/inputenc.sty
Package: inputenc 2018/08/11 v1.3c Input encoding file
\inpenc@prehook=\toks14
\inpenc@posthook=\toks15
) (./dipp.sty
(/usr/share/texmf-dist/tex/latex/graphics/graphicx.sty

LaTeX Warning: You have requested package `dipp',
               but the package provides `graphicx'.

Package: graphicx 2017/06/01 v1.1a Enhanced LaTeX Graphics (DPC,SPQR)
(/usr/share/texmf-dist/tex/latex/graphics/keyval.sty
Package: keyval 2014/10/28 v1.15 key=value parser (DPC)
\KV@toks@=\toks16
)
(/usr/share/texmf-dist/tex/latex/graphics/graphics.sty
Package: graphics 2019/10/08 v1.3c Standard LaTeX Graphics (DPC,SPQR)

(/usr/share/texmf-dist/tex/latex/graphics/trig.sty
Package: trig 2016/01/03 v1.10 sin cos tan (DPC)
)
(/usr/share/texmf-dist/tex/latex/graphics-cfg/graphics.cfg
File: graphics.cfg 2016/06/04 v1.11 sample graphics configuration
)
Package graphics Info: Driver file: pdftex.def on input line 105.

(/usr/share/texmf-dist/tex/latex/graphics-def/pdftex.def
File: pdftex.def 2018/01/08 v1.0l Graphics/color driver for pdftex
))
\Gin@req@height=\dimen103
\Gin@req@width=\dimen104
)
\leftmargini=\dimen105
\leftmarginii=\dimen106
\leftmarginiii=\dimen107
\leftmarginiv=\dimen108
\leftmarginv=\dimen109
\leftmarginvi=\dimen110
)
(/usr/share/texmf-dist/tex/generic/babel/babel.sty
Package: babel 2019/10/15 3.35 The Babel package

(/usr/share/texmf-dist/tex/generic/babel/switch.def
File: switch.def 2019/10/15 3.35 Babel switching mechanism
)
(/usr/share/texmf-dist/tex/generic/babel-czech/czech.ldf
Language: czech 2008/07/06 v3.1a Czech support from the babel system

(/usr/share/texmf-dist/tex/generic/babel/babel.def
File: babel.def 2019/10/15 3.35 Babel common definitions
\babel@savecnt=\count88
\U@D=\dimen111

(/usr/share/texmf-dist/tex/generic/babel/txtbabel.def)
\bbl@dirlevel=\count89
)
Package babel Info: Making " an active character on input line 172.
\cs@wordlen=\count90
Package babel Info: Making - an active character on input line 226.
))
(/usr/share/texmf-dist/tex/latex/graphics/graphicx.sty
Package: graphicx 2017/06/01 v1.1a Enhanced LaTeX Graphics (DPC,SPQR)
\Gin@req@height=\dimen112
\Gin@req@width=\dimen113
)
(/usr/share/texmf-dist/tex/latex/amsmath/amsmath.sty
Package: amsmath 2019/04/01 v2.17c AMS math features
\@mathmargin=\skip43

For additional information on amsmath, use the `?' option.
(/usr/share/texmf-dist/tex/latex/amsmath/amstext.sty
Package: amstext 2000/06/29 v2.01 AMS text

(/usr/share/texmf-dist/tex/latex/amsmath/amsgen.sty
File: amsgen.sty 1999/11/30 v2.0 generic functions
\@emptytoks=\toks17
\ex@=\dimen114
))
(/usr/share/texmf-dist/tex/latex/amsmath/amsbsy.sty
Package: amsbsy 1999/11/29 v1.2d Bold Symbols
\pmbraise@=\dimen115
)
(/usr/share/texmf-dist/tex/latex/amsmath/amsopn.sty
Package: amsopn 2016/03/08 v2.02 operator names
)
\inf@bad=\count91
LaTeX Info: Redefining \frac on input line 227.
\uproot@=\count92
\leftroot@=\count93
LaTeX Info: Redefining \overline on input line 389.
\classnum@=\count94
\DOTSCASE@=\count95
LaTeX Info: Redefining \ldots on input line 486.
LaTeX Info: Redefining \dots on input line 489.
LaTeX Info: Redefining \cdots on input line 610.
\Mathstrutbox@=\box27
\strutbox@=\box28
\big@size=\dimen116
LaTeX Font Info:    Redeclaring font encoding OML on input line 733.
LaTeX Font Info:    Redeclaring font encoding OMS on input line 734.
\macc@depth=\count96
\c@MaxMatrixCols=\count97
\dotsspace@=\muskip10
\c@parentequation=\count98
\dspbrk@lvl=\count99
\tag@help=\toks18
\row@=\count100
\column@=\count101
\maxfields@=\count102
\andhelp@=\toks19
\eqnshift@=\dimen117
\alignsep@=\dimen118
\tagshift@=\dimen119
\tagwidth@=\dimen120
\totwidth@=\dimen121
\lineht@=\dimen122
\@envbody=\toks20
\multlinegap=\skip44
\multlinetaggap=\skip45
\mathdisplay@stack=\toks21
LaTeX Info: Redefining \[ on input line 2855.
LaTeX Info: Redefining \] on input line 2856.
)
(/usr/share/texmf-dist/tex/latex/amsfonts/amssymb.sty
Package: amssymb 2013/01/14 v3.01 AMS font symbols

(/usr/share/texmf-dist/tex/latex/amsfonts/amsfonts.sty
Package: amsfonts 2013/01/14 v3.01 Basic AMSFonts support
\symAMSa=\mathgroup4
\symAMSb=\mathgroup5
LaTeX Font Info:    Redeclaring math symbol \hbar on input line 98.
LaTeX Font Info:    Overwriting math alphabet `\mathfrak' in version `bold'
(Font)                  U/euf/m/n --> U/euf/b/n on input line 106.
))
(/usr/local/share/texmf/tex/latex/lastpage/lastpage.sty
Package: lastpage 2015/03/29 v1.2m Refers to last page's name (HMM; JPG)
)
(/usr/share/texmf-dist/tex/latex/tools/calc.sty
Package: calc 2017/05/25 v4.3 Infix arithmetic (KKT,FJ)
\calc@Acount=\count103
\calc@Bcount=\count104
\calc@Adimen=\dimen123
\calc@Bdimen=\dimen124
\calc@Askip=\skip46
\calc@Bskip=\skip47
LaTeX Info: Redefining \setlength on input line 80.
LaTeX Info: Redefining \addtolength on input line 81.
\calc@Ccount=\count105
\calc@Cskip=\skip48
)
(/usr/share/texmf-dist/tex/latex/oberdiek/refcount.sty
Package: refcount 2016/05/16 v3.5 Data extraction from label references (HO)

(/usr/share/texmf-dist/tex/generic/oberdiek/ltxcmds.sty
Package: ltxcmds 2016/05/16 v1.23 LaTeX kernel commands for general use (HO)
)
(/usr/share/texmf-dist/tex/generic/oberdiek/infwarerr.sty
Package: infwarerr 2016/05/16 v1.4 Providing info/warning/error messages (HO)
))
(/usr/share/texmf-dist/tex/latex/fancyhdr/fancyhdr.sty
Package: fancyhdr 2019/01/31 v3.10 Extensive control of page headers and footer
s
\f@nch@headwidth=\skip49
\f@nch@O@elh=\skip50
\f@nch@O@erh=\skip51
\f@nch@O@olh=\skip52
\f@nch@O@orh=\skip53
\f@nch@O@elf=\skip54
\f@nch@O@erf=\skip55
\f@nch@O@olf=\skip56
\f@nch@O@orf=\skip57
)
(/usr/share/texmf-dist/tex/latex/etoolbox/etoolbox.sty
Package: etoolbox 2019/09/21 v2.5h e-TeX tools for LaTeX (JAW)
\etb@tempcnta=\count106
)
(/usr/local/share/texmf/tex/latex/pgfplots/pgfplots.sty
(/usr/local/share/texmf/tex/generic/pgfplots/pgfplots.revision.tex)
Package: pgfplots 2018/03/28 v1.16 Data Visualization (1.16)

(/usr/share/texmf-dist/tex/latex/pgf/frontendlayer/tikz.sty
(/usr/share/texmf-dist/tex/latex/pgf/basiclayer/pgf.sty
(/usr/share/texmf-dist/tex/latex/pgf/utilities/pgfrcs.sty
(/usr/share/texmf-dist/tex/generic/pgf/utilities/pgfutil-common.tex
\pgfutil@everybye=\toks22
\pgfutil@tempdima=\dimen125
\pgfutil@tempdimb=\dimen126

(/usr/share/texmf-dist/tex/generic/pgf/utilities/pgfutil-common-lists.tex))
(/usr/share/texmf-dist/tex/generic/pgf/utilities/pgfutil-latex.def
\pgfutil@abb=\box29

(/usr/share/texmf-dist/tex/latex/ms/everyshi.sty
Package: everyshi 2001/05/15 v3.00 EveryShipout Package (MS)
))
(/usr/share/texmf-dist/tex/generic/pgf/utilities/pgfrcs.code.tex
(/usr/share/texmf-dist/tex/generic/pgf/pgf.revision.tex)
Package: pgfrcs 2019/08/03 v3.1.4b (3.1.4b)
))
Package: pgf 2019/08/03 v3.1.4b (3.1.4b)

(/usr/share/texmf-dist/tex/latex/pgf/basiclayer/pgfcore.sty
(/usr/share/texmf-dist/tex/latex/pgf/systemlayer/pgfsys.sty
(/usr/share/texmf-dist/tex/generic/pgf/systemlayer/pgfsys.code.tex
Package: pgfsys 2019/08/03 v3.1.4b (3.1.4b)

(/usr/share/texmf-dist/tex/generic/pgf/utilities/pgfkeys.code.tex
\pgfkeys@pathtoks=\toks23
\pgfkeys@temptoks=\toks24

(/usr/share/texmf-dist/tex/generic/pgf/utilities/pgfkeysfiltered.code.tex
\pgfkeys@tmptoks=\toks25
))
\pgf@x=\dimen127
\pgf@y=\dimen128
\pgf@xa=\dimen129
\pgf@ya=\dimen130
\pgf@xb=\dimen131
\pgf@yb=\dimen132
\pgf@xc=\dimen133
\pgf@yc=\dimen134
\pgf@xd=\dimen135
\pgf@yd=\dimen136
\w@pgf@writea=\write3
\r@pgf@reada=\read1
\c@pgf@counta=\count107
\c@pgf@countb=\count108
\c@pgf@countc=\count109
\c@pgf@countd=\count110
\t@pgf@toka=\toks26
\t@pgf@tokb=\toks27
\t@pgf@tokc=\toks28
\pgf@sys@id@count=\count111

(/usr/share/texmf-dist/tex/generic/pgf/systemlayer/pgf.cfg
File: pgf.cfg 2019/08/03 v3.1.4b (3.1.4b)
)
Driver file for pgf: pgfsys-pdftex.def

(/usr/share/texmf-dist/tex/generic/pgf/systemlayer/pgfsys-pdftex.def
File: pgfsys-pdftex.def 2019/08/03 v3.1.4b (3.1.4b)

(/usr/share/texmf-dist/tex/generic/pgf/systemlayer/pgfsys-common-pdf.def
File: pgfsys-common-pdf.def 2019/08/03 v3.1.4b (3.1.4b)
)))
(/usr/share/texmf-dist/tex/generic/pgf/systemlayer/pgfsyssoftpath.code.tex
File: pgfsyssoftpath.code.tex 2019/08/03 v3.1.4b (3.1.4b)
\pgfsyssoftpath@smallbuffer@items=\count112
\pgfsyssoftpath@bigbuffer@items=\count113
)
(/usr/share/texmf-dist/tex/generic/pgf/systemlayer/pgfsysprotocol.code.tex
File: pgfsysprotocol.code.tex 2019/08/03 v3.1.4b (3.1.4b)
))
(/usr/share/texmf-dist/tex/latex/xcolor/xcolor.sty
Package: xcolor 2016/05/11 v2.12 LaTeX color extensions (UK)

(/usr/share/texmf-dist/tex/latex/graphics-cfg/color.cfg
File: color.cfg 2016/01/02 v1.6 sample color configuration
)
Package xcolor Info: Driver file: pdftex.def on input line 225.
Package xcolor Info: Model `cmy' substituted by `cmy0' on input line 1348.
Package xcolor Info: Model `hsb' substituted by `rgb' on input line 1352.
Package xcolor Info: Model `RGB' extended on input line 1364.
Package xcolor Info: Model `HTML' substituted by `rgb' on input line 1366.
Package xcolor Info: Model `Hsb' substituted by `hsb' on input line 1367.
Package xcolor Info: Model `tHsb' substituted by `hsb' on input line 1368.
Package xcolor Info: Model `HSB' substituted by `hsb' on input line 1369.
Package xcolor Info: Model `Gray' substituted by `gray' on input line 1370.
Package xcolor Info: Model `wave' substituted by `hsb' on input line 1371.
)
(/usr/share/texmf-dist/tex/generic/pgf/basiclayer/pgfcore.code.tex
Package: pgfcore 2019/08/03 v3.1.4b (3.1.4b)

(/usr/share/texmf-dist/tex/generic/pgf/math/pgfmath.code.tex
(/usr/share/texmf-dist/tex/generic/pgf/math/pgfmathcalc.code.tex
(/usr/share/texmf-dist/tex/generic/pgf/math/pgfmathutil.code.tex)
(/usr/share/texmf-dist/tex/generic/pgf/math/pgfmathparser.code.tex
\pgfmath@dimen=\dimen137
\pgfmath@count=\count114
\pgfmath@box=\box30
\pgfmath@toks=\toks29
\pgfmath@stack@operand=\toks30
\pgfmath@stack@operation=\toks31
)
(/usr/share/texmf-dist/tex/generic/pgf/math/pgfmathfunctions.code.tex
(/usr/share/texmf-dist/tex/generic/pgf/math/pgfmathfunctions.basic.code.tex)
(/usr/share/texmf-dist/tex/generic/pgf/math/pgfmathfunctions.trigonometric.code
.tex)
(/usr/share/texmf-dist/tex/generic/pgf/math/pgfmathfunctions.random.code.tex)
(/usr/share/texmf-dist/tex/generic/pgf/math/pgfmathfunctions.comparison.code.te
x) (/usr/share/texmf-dist/tex/generic/pgf/math/pgfmathfunctions.base.code.tex)
(/usr/share/texmf-dist/tex/generic/pgf/math/pgfmathfunctions.round.code.tex)
(/usr/share/texmf-dist/tex/generic/pgf/math/pgfmathfunctions.misc.code.tex)
(/usr/share/texmf-dist/tex/generic/pgf/math/pgfmathfunctions.integerarithmetics
.code.tex))) (/usr/share/texmf-dist/tex/generic/pgf/math/pgfmathfloat.code.tex
\c@pgfmathroundto@lastzeros=\count115
)) (/usr/share/texmf-dist/tex/generic/pgf/math/pgfint.code.tex)
(/usr/share/texmf-dist/tex/generic/pgf/basiclayer/pgfcorepoints.code.tex
File: pgfcorepoints.code.tex 2019/08/03 v3.1.4b (3.1.4b)
\pgf@picminx=\dimen138
\pgf@picmaxx=\dimen139
\pgf@picminy=\dimen140
\pgf@picmaxy=\dimen141
\pgf@pathminx=\dimen142
\pgf@pathmaxx=\dimen143
\pgf@pathminy=\dimen144
\pgf@pathmaxy=\dimen145
\pgf@xx=\dimen146
\pgf@xy=\dimen147
\pgf@yx=\dimen148
\pgf@yy=\dimen149
\pgf@zx=\dimen150
\pgf@zy=\dimen151
)
(/usr/share/texmf-dist/tex/generic/pgf/basiclayer/pgfcorepathconstruct.code.tex
File: pgfcorepathconstruct.code.tex 2019/08/03 v3.1.4b (3.1.4b)
\pgf@path@lastx=\dimen152
\pgf@path@lasty=\dimen153
) (/usr/share/texmf-dist/tex/generic/pgf/basiclayer/pgfcorepathusage.code.tex
File: pgfcorepathusage.code.tex 2019/08/03 v3.1.4b (3.1.4b)
\pgf@shorten@end@additional=\dimen154
\pgf@shorten@start@additional=\dimen155
)
(/usr/share/texmf-dist/tex/generic/pgf/basiclayer/pgfcorescopes.code.tex
File: pgfcorescopes.code.tex 2019/08/03 v3.1.4b (3.1.4b)
\pgfpic=\box31
\pgf@hbox=\box32
\pgf@layerbox@main=\box33
\pgf@picture@serial@count=\count116
)
(/usr/share/texmf-dist/tex/generic/pgf/basiclayer/pgfcoregraphicstate.code.tex
File: pgfcoregraphicstate.code.tex 2019/08/03 v3.1.4b (3.1.4b)
\pgflinewidth=\dimen156
)
(/usr/share/texmf-dist/tex/generic/pgf/basiclayer/pgfcoretransformations.code.t
ex
File: pgfcoretransformations.code.tex 2019/08/03 v3.1.4b (3.1.4b)
\pgf@pt@x=\dimen157
\pgf@pt@y=\dimen158
\pgf@pt@temp=\dimen159
) (/usr/share/texmf-dist/tex/generic/pgf/basiclayer/pgfcorequick.code.tex
File: pgfcorequick.code.tex 2019/08/03 v3.1.4b (3.1.4b)
)
(/usr/share/texmf-dist/tex/generic/pgf/basiclayer/pgfcoreobjects.code.tex
File: pgfcoreobjects.code.tex 2019/08/03 v3.1.4b (3.1.4b)
)
(/usr/share/texmf-dist/tex/generic/pgf/basiclayer/pgfcorepathprocessing.code.te
x
File: pgfcorepathprocessing.code.tex 2019/08/03 v3.1.4b (3.1.4b)
) (/usr/share/texmf-dist/tex/generic/pgf/basiclayer/pgfcorearrows.code.tex
File: pgfcorearrows.code.tex 2019/08/03 v3.1.4b (3.1.4b)
\pgfarrowsep=\dimen160
)
(/usr/share/texmf-dist/tex/generic/pgf/basiclayer/pgfcoreshade.code.tex
File: pgfcoreshade.code.tex 2019/08/03 v3.1.4b (3.1.4b)
\pgf@max=\dimen161
\pgf@sys@shading@range@num=\count117
\pgf@shadingcount=\count118
)
(/usr/share/texmf-dist/tex/generic/pgf/basiclayer/pgfcoreimage.code.tex
File: pgfcoreimage.code.tex 2019/08/03 v3.1.4b (3.1.4b)

(/usr/share/texmf-dist/tex/generic/pgf/basiclayer/pgfcoreexternal.code.tex
File: pgfcoreexternal.code.tex 2019/08/03 v3.1.4b (3.1.4b)
\pgfexternal@startupbox=\box34
))
(/usr/share/texmf-dist/tex/generic/pgf/basiclayer/pgfcorelayers.code.tex
File: pgfcorelayers.code.tex 2019/08/03 v3.1.4b (3.1.4b)
)
(/usr/share/texmf-dist/tex/generic/pgf/basiclayer/pgfcoretransparency.code.tex
File: pgfcoretransparency.code.tex 2019/08/03 v3.1.4b (3.1.4b)
) (/usr/share/texmf-dist/tex/generic/pgf/basiclayer/pgfcorepatterns.code.tex
File: pgfcorepatterns.code.tex 2019/08/03 v3.1.4b (3.1.4b)
)
(/usr/share/texmf-dist/tex/generic/pgf/basiclayer/pgfcorerdf.code.tex
File: pgfcorerdf.code.tex 2019/08/03 v3.1.4b (3.1.4b)
)))
(/usr/share/texmf-dist/tex/generic/pgf/modules/pgfmoduleshapes.code.tex
File: pgfmoduleshapes.code.tex 2019/08/03 v3.1.4b (3.1.4b)
\pgfnodeparttextbox=\box35
)
(/usr/share/texmf-dist/tex/generic/pgf/modules/pgfmoduleplot.code.tex
File: pgfmoduleplot.code.tex 2019/08/03 v3.1.4b (3.1.4b)
)
(/usr/share/texmf-dist/tex/latex/pgf/compatibility/pgfcomp-version-0-65.sty
Package: pgfcomp-version-0-65 2019/08/03 v3.1.4b (3.1.4b)
\pgf@nodesepstart=\dimen162
\pgf@nodesepend=\dimen163
)
(/usr/share/texmf-dist/tex/latex/pgf/compatibility/pgfcomp-version-1-18.sty
Package: pgfcomp-version-1-18 2019/08/03 v3.1.4b (3.1.4b)
))
(/usr/share/texmf-dist/tex/latex/pgf/utilities/pgffor.sty
(/usr/share/texmf-dist/tex/latex/pgf/utilities/pgfkeys.sty
(/usr/share/texmf-dist/tex/generic/pgf/utilities/pgfkeys.code.tex))
(/usr/share/texmf-dist/tex/latex/pgf/math/pgfmath.sty
(/usr/share/texmf-dist/tex/generic/pgf/math/pgfmath.code.tex))
(/usr/share/texmf-dist/tex/generic/pgf/utilities/pgffor.code.tex
Package: pgffor 2019/08/03 v3.1.4b (3.1.4b)

(/usr/share/texmf-dist/tex/generic/pgf/math/pgfmath.code.tex)
\pgffor@iter=\dimen164
\pgffor@skip=\dimen165
\pgffor@stack=\toks32
\pgffor@toks=\toks33
))
(/usr/share/texmf-dist/tex/generic/pgf/frontendlayer/tikz/tikz.code.tex
Package: tikz 2019/08/03 v3.1.4b (3.1.4b)

(/usr/share/texmf-dist/tex/generic/pgf/libraries/pgflibraryplothandlers.code.te
x
File: pgflibraryplothandlers.code.tex 2019/08/03 v3.1.4b (3.1.4b)
\pgf@plot@mark@count=\count119
\pgfplotmarksize=\dimen166
)
\tikz@lastx=\dimen167
\tikz@lasty=\dimen168
\tikz@lastxsaved=\dimen169
\tikz@lastysaved=\dimen170
\tikz@lastmovetox=\dimen171
\tikz@lastmovetoy=\dimen172
\tikzleveldistance=\dimen173
\tikzsiblingdistance=\dimen174
\tikz@figbox=\box36
\tikz@figbox@bg=\box37
\tikz@tempbox=\box38
\tikz@tempbox@bg=\box39
\tikztreelevel=\count120
\tikznumberofchildren=\count121
\tikznumberofcurrentchild=\count122
\tikz@fig@count=\count123
 (/usr/share/texmf-dist/tex/generic/pgf/modules/pgfmodulematrix.code.tex
File: pgfmodulematrix.code.tex 2019/08/03 v3.1.4b (3.1.4b)
\pgfmatrixcurrentrow=\count124
\pgfmatrixcurrentcolumn=\count125
\pgf@matrix@numberofcolumns=\count126
)
\tikz@expandcount=\count127

(/usr/share/texmf-dist/tex/generic/pgf/frontendlayer/tikz/libraries/tikzlibrary
topaths.code.tex
File: tikzlibrarytopaths.code.tex 2019/08/03 v3.1.4b (3.1.4b)
)))
(/usr/local/share/texmf/tex/generic/pgfplots/pgfplots.code.tex
(/usr/local/share/texmf/tex/generic/pgfplots/pgfplotscore.code.tex
\t@pgfplots@toka=\toks34
\t@pgfplots@tokb=\toks35
\t@pgfplots@tokc=\toks36
\pgfplots@tmpa=\dimen175
\c@pgfplots@coordindex=\count128
\c@pgfplots@scanlineindex=\count129

(/usr/local/share/texmf/tex/generic/pgfplots/sys/pgfplotssysgeneric.code.tex))
(/usr/local/share/texmf/tex/generic/pgfplots/libs/pgfplotslibrary.code.tex)
(/usr/local/share/texmf/tex/generic/pgfplots/oldpgfcompatib/pgfplotsoldpgfsupp_
loader.code.tex
(/usr/share/texmf-dist/tex/generic/pgf/libraries/pgflibraryfpu.code.tex))
(/usr/local/share/texmf/tex/generic/pgfplots/util/pgfplotsutil.code.tex
(/usr/local/share/texmf/tex/generic/pgfplots/liststructure/pgfplotsliststructur
e.code.tex)
(/usr/local/share/texmf/tex/generic/pgfplots/liststructure/pgfplotsliststructur
eext.code.tex)
(/usr/local/share/texmf/tex/generic/pgfplots/liststructure/pgfplotsarray.code.t
ex
\c@pgfplotsarray@tmp=\count130
)
(/usr/local/share/texmf/tex/generic/pgfplots/liststructure/pgfplotsmatrix.code.
tex)
(/usr/local/share/texmf/tex/generic/pgfplots/numtable/pgfplotstableshared.code.
tex
\c@pgfplotstable@counta=\count131
\t@pgfplotstable@a=\toks37
)
(/usr/local/share/texmf/tex/generic/pgfplots/liststructure/pgfplotsdeque.code.t
ex) (/usr/local/share/texmf/tex/generic/pgfplots/util/pgfplotsbinary.code.tex
(/usr/local/share/texmf/tex/generic/pgfplots/util/pgfplotsbinary.data.code.tex)
) (/usr/local/share/texmf/tex/generic/pgfplots/util/pgfplotsutil.verb.code.tex)

(/usr/local/share/texmf/tex/generic/pgfplots/libs/pgflibrarypgfplots.surfshadin
g.code.tex
\c@pgfplotslibrarysurf@no=\count132

(/usr/local/share/texmf/tex/generic/pgfplots/sys/pgflibrarypgfplots.surfshading
.pgfsys-pdftex.def)))
(/usr/local/share/texmf/tex/generic/pgfplots/util/pgfplotscolormap.code.tex
(/usr/local/share/texmf/tex/generic/pgfplots/util/pgfplotscolor.code.tex))
(/usr/local/share/texmf/tex/generic/pgfplots/pgfplotsstackedplots.code.tex)
(/usr/local/share/texmf/tex/generic/pgfplots/pgfplotsplothandlers.code.tex
(/usr/local/share/texmf/tex/generic/pgfplots/pgfplotsmeshplothandler.code.tex
(/usr/local/share/texmf/tex/generic/pgfplots/pgfplotsmeshplotimage.code.tex)))
(/usr/local/share/texmf/tex/generic/pgfplots/pgfplots.scaling.code.tex)
(/usr/local/share/texmf/tex/generic/pgfplots/pgfplotscoordprocessing.code.tex)
(/usr/local/share/texmf/tex/generic/pgfplots/pgfplots.errorbars.code.tex)
(/usr/local/share/texmf/tex/generic/pgfplots/pgfplots.markers.code.tex)
(/usr/local/share/texmf/tex/generic/pgfplots/pgfplotsticks.code.tex)
(/usr/local/share/texmf/tex/generic/pgfplots/pgfplots.paths.code.tex)
(/usr/share/texmf-dist/tex/generic/pgf/frontendlayer/tikz/libraries/tikzlibrary
decorations.code.tex
(/usr/share/texmf-dist/tex/generic/pgf/modules/pgfmoduledecorations.code.tex
\pgfdecoratedcompleteddistance=\dimen176
\pgfdecoratedremainingdistance=\dimen177
\pgfdecoratedinputsegmentcompleteddistance=\dimen178
\pgfdecoratedinputsegmentremainingdistance=\dimen179
\pgf@decorate@distancetomove=\dimen180
\pgf@decorate@repeatstate=\count133
\pgfdecorationsegmentamplitude=\dimen181
\pgfdecorationsegmentlength=\dimen182
)
\tikz@lib@dec@box=\box40
)
(/usr/share/texmf-dist/tex/generic/pgf/frontendlayer/tikz/libraries/tikzlibrary
decorations.pathmorphing.code.tex
(/usr/share/texmf-dist/tex/generic/pgf/libraries/decorations/pgflibrarydecorati
ons.pathmorphing.code.tex))
(/usr/share/texmf-dist/tex/generic/pgf/frontendlayer/tikz/libraries/tikzlibrary
decorations.pathreplacing.code.tex
(/usr/share/texmf-dist/tex/generic/pgf/libraries/decorations/pgflibrarydecorati
ons.pathreplacing.code.tex))
\pgfplots@numplots=\count134
\pgfplots@xmin@reg=\dimen183
\pgfplots@xmax@reg=\dimen184
\pgfplots@ymin@reg=\dimen185
\pgfplots@ymax@reg=\dimen186
\pgfplots@zmin@reg=\dimen187
\pgfplots@zmax@reg=\dimen188
)
(/usr/share/texmf-dist/tex/generic/pgf/frontendlayer/tikz/libraries/tikzlibrary
plotmarks.code.tex
File: tikzlibraryplotmarks.code.tex 2019/08/03 v3.1.4b (3.1.4b)

(/usr/share/texmf-dist/tex/generic/pgf/libraries/pgflibraryplotmarks.code.tex
File: pgflibraryplotmarks.code.tex 2019/08/03 v3.1.4b (3.1.4b)
))) (/usr/share/texmf-dist/tex/latex/pdfpages/pdfpages.sty
Package: pdfpages 2019/09/21 v0.5n Insert pages of external PDF documents (AM)

(/usr/share/texmf-dist/tex/latex/base/ifthen.sty
Package: ifthen 2014/09/29 v1.1c Standard LaTeX ifthen package (DPC)
)
(/usr/share/texmf-dist/tex/latex/eso-pic/eso-pic.sty
Package: eso-pic 2018/04/12 v2.0h eso-pic (RN)

(/usr/share/texmf-dist/tex/generic/oberdiek/atbegshi.sty
Package: atbegshi 2016/06/09 v1.18 At begin shipout hook (HO)

(/usr/share/texmf-dist/tex/generic/oberdiek/ifpdf.sty
Package: ifpdf 2018/09/07 v3.3 Provides the ifpdf switch
)))
\AM@pagewidth=\dimen189
\AM@pageheight=\dimen190

(/usr/share/texmf-dist/tex/latex/pdfpages/pppdftex.def
File: pppdftex.def 2019/09/21 v0.5n Pdfpages driver for pdfTeX (AM)
)
\AM@pagebox=\box41
\AM@global@opts=\toks38
\AM@toc@title=\toks39
\c@AM@survey=\count135
\AM@templatesizebox=\box42
)
(/usr/share/texmf-dist/tex/latex/oberdiek/listingsutf8.sty
Package: listingsutf8 2016/05/16 v1.3 Allow UTF-8 in listings input (HO)

(/usr/share/texmf-dist/tex/latex/listings/listings.sty
\lst@mode=\count136
\lst@gtempboxa=\box43
\lst@token=\toks40
\lst@length=\count137
\lst@currlwidth=\dimen191
\lst@column=\count138
\lst@pos=\count139
\lst@lostspace=\dimen192
\lst@width=\dimen193
\lst@newlines=\count140
\lst@lineno=\count141
\lst@maxwidth=\dimen194

(/usr/share/texmf-dist/tex/latex/listings/lstmisc.sty
File: lstmisc.sty 2019/09/10 1.8c (Carsten Heinz)
\c@lstnumber=\count142
\lst@skipnumbers=\count143
\lst@framebox=\box44
)
(/usr/share/texmf-dist/tex/latex/listings/listings.cfg
File: listings.cfg 2019/09/10 1.8c listings configuration
))
Package: listings 2019/09/10 1.8c (Carsten Heinz)

(/usr/share/texmf-dist/tex/generic/oberdiek/pdftexcmds.sty
Package: pdftexcmds 2019/07/25 v0.30 Utility functions of pdfTeX for LuaTeX (HO
)

(/usr/share/texmf-dist/tex/generic/oberdiek/ifluatex.sty
Package: ifluatex 2016/05/16 v1.4 Provides the ifluatex switch (HO)
Package ifluatex Info: LuaTeX not detected.
)
Package pdftexcmds Info: LuaTeX not detected.
Package pdftexcmds Info: \pdf@primitive is available.
Package pdftexcmds Info: \pdf@ifprimitive is available.
Package pdftexcmds Info: \pdfdraftmode found.
)
(/usr/share/texmf-dist/tex/generic/oberdiek/stringenc.sty
Package: stringenc 2016/05/16 v1.11 Convert strings between diff. encodings (HO
)

(/usr/share/texmf-dist/tex/generic/oberdiek/pdfescape.sty
Package: pdfescape 2016/05/16 v1.14 Implements pdfTeX's escape features (HO)
)))
(/usr/share/texmf-dist/tex/latex/hyperref/hyperref.sty
Package: hyperref 2019/09/28 v7.00a Hypertext links for LaTeX

(/usr/share/texmf-dist/tex/generic/oberdiek/hobsub-hyperref.sty
Package: hobsub-hyperref 2016/05/16 v1.14 Bundle oberdiek, subset hyperref (HO)


(/usr/share/texmf-dist/tex/generic/oberdiek/hobsub-generic.sty
Package: hobsub-generic 2016/05/16 v1.14 Bundle oberdiek, subset generic (HO)
Package: hobsub 2016/05/16 v1.14 Construct package bundles (HO)
Package hobsub Info: Skipping package `infwarerr' (already loaded).
Package hobsub Info: Skipping package `ltxcmds' (already loaded).
Package hobsub Info: Skipping package `ifluatex' (already loaded).
Package: ifvtex 2016/05/16 v1.6 Detect VTeX and its facilities (HO)
Package ifvtex Info: VTeX not detected.
Package: intcalc 2016/05/16 v1.2 Expandable calculations with integers (HO)
Package hobsub Info: Skipping package `ifpdf' (already loaded).
Package: etexcmds 2016/05/16 v1.6 Avoid name clashes with e-TeX commands (HO)
Package: kvsetkeys 2016/05/16 v1.17 Key value parser (HO)
Package: kvdefinekeys 2016/05/16 v1.4 Define keys (HO)
Package hobsub Info: Skipping package `pdftexcmds' (already loaded).
Package hobsub Info: Skipping package `pdfescape' (already loaded).
Package: bigintcalc 2016/05/16 v1.4 Expandable calculations on big integers (HO
)
Package: bitset 2016/05/16 v1.2 Handle bit-vector datatype (HO)
Package: uniquecounter 2016/05/16 v1.3 Provide unlimited unique counter (HO)
)
Package hobsub Info: Skipping package `hobsub' (already loaded).
Package: letltxmacro 2016/05/16 v1.5 Let assignment for LaTeX macros (HO)
Package: hopatch 2016/05/16 v1.3 Wrapper for package hooks (HO)
Package: xcolor-patch 2016/05/16 xcolor patch
Package: atveryend 2016/05/16 v1.9 Hooks at the very end of document (HO)
Package hobsub Info: Skipping package `atbegshi' (already loaded).
Package hobsub Info: Skipping package `refcount' (already loaded).
Package: hycolor 2016/05/16 v1.8 Color options for hyperref/bookmark (HO)
)
(/usr/share/texmf-dist/tex/generic/ifxetex/ifxetex.sty
Package: ifxetex 2010/09/12 v0.6 Provides ifxetex conditional
)
(/usr/share/texmf-dist/tex/latex/oberdiek/auxhook.sty
Package: auxhook 2016/05/16 v1.4 Hooks for auxiliary files (HO)
)
(/usr/share/texmf-dist/tex/latex/oberdiek/kvoptions.sty
Package: kvoptions 2016/05/16 v3.12 Key value format for package options (HO)
)
\@linkdim=\dimen195
\Hy@linkcounter=\count144
\Hy@pagecounter=\count145

(/usr/share/texmf-dist/tex/latex/hyperref/pd1enc.def
File: pd1enc.def 2019/09/28 v7.00a Hyperref: PDFDocEncoding definition (HO)
Now handling font encoding PD1 ...
... no UTF-8 mapping file for font encoding PD1
)
\Hy@SavedSpaceFactor=\count146

(/usr/share/texmf-dist/tex/latex/latexconfig/hyperref.cfg
File: hyperref.cfg 2002/06/06 v1.2 hyperref configuration of TeXLive
)
Package hyperref Info: Hyper figures OFF on input line 4540.
Package hyperref Info: Link nesting OFF on input line 4545.
Package hyperref Info: Hyper index ON on input line 4548.
Package hyperref Info: Plain pages OFF on input line 4555.
Package hyperref Info: Backreferencing OFF on input line 4560.
Package hyperref Info: Implicit mode ON; LaTeX internals redefined.
Package hyperref Info: Bookmarks ON on input line 4793.
\c@Hy@tempcnt=\count147

(/usr/share/texmf-dist/tex/latex/url/url.sty
\Urlmuskip=\muskip11
Package: url 2013/09/16  ver 3.4  Verb mode for urls, etc.
)
LaTeX Info: Redefining \url on input line 5152.
\XeTeXLinkMargin=\dimen196
\Fld@menulength=\count148
\Field@Width=\dimen197
\Fld@charsize=\dimen198
Package hyperref Info: Hyper figures OFF on input line 6423.
Package hyperref Info: Link nesting OFF on input line 6428.
Package hyperref Info: Hyper index ON on input line 6431.
Package hyperref Info: backreferencing OFF on input line 6438.
Package hyperref Info: Link coloring OFF on input line 6443.
Package hyperref Info: Link coloring with OCG OFF on input line 6448.
Package hyperref Info: PDF/A mode OFF on input line 6453.
LaTeX Info: Redefining \ref on input line 6493.
LaTeX Info: Redefining \pageref on input line 6497.
\Hy@abspage=\count149
\c@Item=\count150
\c@Hfootnote=\count151
)
Package hyperref Info: Driver (autodetected): hpdftex.

(/usr/share/texmf-dist/tex/latex/hyperref/hpdftex.def
File: hpdftex.def 2019/09/28 v7.00a Hyperref driver for pdfTeX
\Fld@listcount=\count152
\c@bookmark@seq@number=\count153

(/usr/share/texmf-dist/tex/latex/oberdiek/rerunfilecheck.sty
Package: rerunfilecheck 2016/05/16 v1.8 Rerun checks for auxiliary files (HO)
Package uniquecounter Info: New unique counter `rerunfilecheck' on input line 2
82.
)
\Hy@SectionHShift=\skip58
)
\c@lemmaCounter=\count154
) (./dipp.aux)
\openout1 = `dipp.aux'.

LaTeX Font Info:    Checking defaults for OML/cmm/m/it on input line 2.
LaTeX Font Info:    ... okay on input line 2.
LaTeX Font Info:    Checking defaults for T1/cmr/m/n on input line 2.
LaTeX Font Info:    ... okay on input line 2.
LaTeX Font Info:    Checking defaults for OT1/cmr/m/n on input line 2.
LaTeX Font Info:    ... okay on input line 2.
LaTeX Font Info:    Checking defaults for OMS/cmsy/m/n on input line 2.
LaTeX Font Info:    ... okay on input line 2.
LaTeX Font Info:    Checking defaults for OMX/cmex/m/n on input line 2.
LaTeX Font Info:    ... okay on input line 2.
LaTeX Font Info:    Checking defaults for U/cmr/m/n on input line 2.
LaTeX Font Info:    ... okay on input line 2.
LaTeX Font Info:    Checking defaults for PD1/pdf/m/n on input line 2.
LaTeX Font Info:    ... okay on input line 2.

(/usr/share/texmf-dist/tex/context/base/mkii/supp-pdf.mkii
[Loading MPS to PDF converter (version 2006.09.02).]
\scratchcounter=\count155
\scratchdimen=\dimen199
\scratchbox=\box45
\nofMPsegments=\count156
\nofMParguments=\count157
\everyMPshowfont=\toks41
\MPscratchCnt=\count158
\MPscratchDim=\dimen256
\MPnumerator=\count159
\makeMPintoPDFobject=\count160
\everyMPtoPDFconversion=\toks42
) (/usr/share/texmf-dist/tex/latex/oberdiek/epstopdf-base.sty
Package: epstopdf-base 2016/05/15 v2.6 Base part for package epstopdf

(/usr/share/texmf-dist/tex/latex/oberdiek/grfext.sty
Package: grfext 2016/05/16 v1.2 Manage graphics extensions (HO)
)
Package epstopdf-base Info: Redefining graphics rule for `.eps' on input line 4
38.
Package grfext Info: Graphics extension search list:
(grfext)             [.pdf,.png,.jpg,.mps,.jpeg,.jbig2,.jb2,.PDF,.PNG,.JPG,.JPE
G,.JBIG2,.JB2,.eps]
(grfext)             \AppendGraphicsExtensions on input line 456.

(/usr/share/texmf-dist/tex/latex/latexconfig/epstopdf-sys.cfg
File: epstopdf-sys.cfg 2010/07/13 v1.3 Configuration of (r)epstopdf for TeX Liv
e
))
Package lastpage Info: Please have a look at the pageslts package at
(lastpage)             https://www.ctan.org/pkg/pageslts
(lastpage)             ! on input line 2.

ABD: EveryShipout initializing macros

Package pgfplots Warning: running in backwards compatibility mode (unsuitable t
ick labels; missing features). Consider writing \pgfplotsset{compat=1.16} into 
your preamble.
 on input line 2.

\AtBeginShipoutBox=\box46
(/usr/share/texmf-dist/tex/latex/oberdiek/pdflscape.sty
Package: pdflscape 2016/05/14 v0.11 Display of landscape pages in PDF (HO)

(/usr/share/texmf-dist/tex/latex/graphics/lscape.sty
Package: lscape 2000/10/22 v3.01 Landscape Pages (DPC)
)
Package pdflscape Info: Auto-detected driver: pdftex on input line 81.
)
\c@lstlisting=\count161
Package hyperref Info: Link coloring OFF on input line 2.

(/usr/share/texmf-dist/tex/latex/hyperref/nameref.sty
Package: nameref 2019/09/16 v2.46 Cross-referencing by name of section

(/usr/share/texmf-dist/tex/generic/oberdiek/gettitlestring.sty
Package: gettitlestring 2016/05/16 v1.5 Cleanup title references (HO)
)
\c@section@level=\count162
)
LaTeX Info: Redefining \ref on input line 2.
LaTeX Info: Redefining \pageref on input line 2.
LaTeX Info: Redefining \nameref on input line 2.
 (./dipp.out)
(./dipp.out)
\@outlinefile=\write4
\openout4 = `dipp.out'.

LaTeX Font Info:    Trying to load font information for U+msa on input line 21.

 (/usr/share/texmf-dist/tex/latex/amsfonts/umsa.fd
File: umsa.fd 2013/01/14 v3.01 AMS symbols A
)
LaTeX Font Info:    Trying to load font information for U+msb on input line 21.


(/usr/share/texmf-dist/tex/latex/amsfonts/umsb.fd
File: umsb.fd 2013/01/14 v3.01 AMS symbols B
) [1

{/var/lib/texmf/fonts/map/pdftex/updmap/pdftex.map}] [2

] [3] [4

] [5] [6

] [7] [8

] (./dipp.toc)
\tf@toc=\write5
\openout5 = `dipp.toc'.

 [9]
[10

] (./uvodACil.tex
<screenshots/basic_app_small.png, id=142, 592.2125pt x 373.395pt>
File: screenshots/basic_app_small.png Graphic file (type png)
<use screenshots/basic_app_small.png>
Package pdftex.def Info: screenshots/basic_app_small.png  used on input line 16
.
(pdftex.def)             Requested size: 256.0748pt x 161.46263pt.
) [11

 <./screenshots/basic_app_small.png>] (./instalace.tex
<screenshots/linux-i3-2.png, id=154, 1156.32pt x 867.24pt>
File: screenshots/linux-i3-2.png Graphic file (type png)
<use screenshots/linux-i3-2.png>
Package pdftex.def Info: screenshots/linux-i3-2.png  used on input line 34.
(pdftex.def)             Requested size: 256.0748pt x 192.05052pt.
<screenshots/linux-cinnamon.png, id=155, 1156.32pt x 867.24pt>
File: screenshots/linux-cinnamon.png Graphic file (type png)
<use screenshots/linux-cinnamon.png>
Package pdftex.def Info: screenshots/linux-cinnamon.png  used on input line 42.

(pdftex.def)             Requested size: 256.0748pt x 192.05052pt.

Underfull \hbox (badness 2142) in paragraph at lines 22--49
[]\OT1/cmr/m/n/12 V p^^Tr^^S^^Ppad^^Te u^^Tz^^S^^Pv^^San^^S^^P spr^^Savce oken 
i3 je vhodn^^Se na-sta-vit, aby se okna po-
 []

<screenshots/windows.png, id=156, 963.6pt x 722.7pt>
File: screenshots/windows.png Graphic file (type png)
<use screenshots/windows.png>
Package pdftex.def Info: screenshots/windows.png  used on input line 59.
(pdftex.def)             Requested size: 256.0748pt x 192.05493pt.
[12

] [13 <./screenshots/linux-i3-2.png> <./screenshots/linux-cinnamon.png>])
(./seznamStranekNaKontrolu.tex
<screenshots/wa-json.png, id=175, 587.19376pt x 322.20375pt>
File: screenshots/wa-json.png Graphic file (type png)
<use screenshots/wa-json.png>
Package pdftex.def Info: screenshots/wa-json.png  used on input line 9.
(pdftex.def)             Requested size: 256.0748pt x 140.51147pt.
 [14 <./screenshots/windows.png>] [15 <./screenshots/wa-json.png>] (./priklad.j
son)) (./spousteniTabulkaKonzole.tex

Package hyperref Warning: Composite letter `\textasciicaron+e'
(hyperref)                not defined in PD1 encoding,
(hyperref)                removing `\textasciicaron' on input line 1.


Package hyperref Warning: Composite letter `\textasciicaron+e'
(hyperref)                not defined in PD1 encoding,
(hyperref)                removing `\textasciicaron' on input line 1.


Package hyperref Warning: Composite letter `\textasciicaron+c'
(hyperref)                not defined in PD1 encoding,
(hyperref)                removing `\textasciicaron' on input line 1.

[16] [17]
<screenshots/chyba-pristupu.png, id=232, 602.25pt x 393.47pt>
File: screenshots/chyba-pristupu.png Graphic file (type png)
<use screenshots/chyba-pristupu.png>
Package pdftex.def Info: screenshots/chyba-pristupu.png  used on input line 22.

(pdftex.def)             Requested size: 256.0748pt x 167.30959pt.

Overfull \hbox (0.94556pt too wide) in paragraph at lines 13--23
[][][][][][][][][][][][][][][][] \OT1/cmr/m/n/12 zna-men^^Sa ne-do-stup-nost s^
^S^^Pt[]ov^^Seho
 []

[18 <./screenshots/chyba-pristupu.png>]) (./historie.tex

Package hyperref Warning: Composite letter `\textasciicaron+e'
(hyperref)                not defined in PD1 encoding,
(hyperref)                removing `\textasciicaron' on input line 1.

[19]
LaTeX Font Info:    Trying to load font information for OMS+cmr on input line 1
9.
 (/usr/share/texmf-dist/tex/latex/base/omscmr.fd
File: omscmr.fd 2014/09/29 v2.5h Standard LaTeX font definitions
)
LaTeX Font Info:    Font shape `OMS/cmr/m/n' in size <12> not available
(Font)              Font shape `OMS/cmsy/m/n' tried instead on input line 19.
<screenshots/history.png, id=245, 700.6175pt x 380.42125pt>
File: screenshots/history.png Graphic file (type png)
<use screenshots/history.png>
Package pdftex.def Info: screenshots/history.png  used on input line 30.
(pdftex.def)             Requested size: 256.0748pt x 139.04704pt.
)
(./grafickePorovnavaniVerzi.tex [20 <./screenshots/history.png>]
<screenshots/compare.png, id=252, 1927.2pt x 1084.05pt>
File: screenshots/compare.png Graphic file (type png)
<use screenshots/compare.png>
Package pdftex.def Info: screenshots/compare.png  used on input line 26.
(pdftex.def)             Requested size: 426.79134pt x 240.06316pt.
)
(./implemantace.tex [21 <./screenshots/compare.png>]
<screenshots/qtcreator.png, id=258, 1275.76625pt x 886.31125pt>
File: screenshots/qtcreator.png Graphic file (type png)
<use screenshots/qtcreator.png>
Package pdftex.def Info: screenshots/qtcreator.png  used on input line 15.
(pdftex.def)             Requested size: 256.0748pt x 177.89473pt.


Package hyperref Warning: Composite letter `\textasciicaron+e'
(hyperref)                not defined in PD1 encoding,
(hyperref)                removing `\textasciicaron' on input line 21.

[22

 <./screenshots/qtcreator.png>] [23]) (./zaver.tex [24]

Package hyperref Warning: Composite letter `\textasciicaron+e'
(hyperref)                not defined in PD1 encoding,
(hyperref)                removing `\textasciicaron' on input line 1.

) (./resume.tex [25

]) (./literatura.tex [26

]
Underfull \hbox (badness 1939) in paragraph at lines 7--8
[]\OT1/cmr/m/n/12 Hipp, D. R. 2000. Do-cu-men-tation. \OT1/cmr/m/it/12 SQ-Lite 
\OT1/cmr/m/n/12 [on-line]. SQ-Lite [Cit.
 []

) 
AED: lastpage setting LastPage
[27]
Package atveryend Info: Empty hook `BeforeClearDocument' on input line 58.
Package atveryend Info: Empty hook `AfterLastShipout' on input line 58.
 (./dipp.aux)
Package atveryend Info: Executing hook `AtVeryEndDocument' on input line 58.
Package atveryend Info: Executing hook `AtEndAfterFileList' on input line 58.
Package rerunfilecheck Info: File `dipp.out' has not changed.
(rerunfilecheck)             Checksum: 926C454241EBAD11958D2620B3F87B79;1251.
 ) 
Here is how much of TeX's memory you used:
 30263 strings out of 492167
 689819 string characters out of 6131558
 890886 words of memory out of 5000000
 33971 multiletter control sequences out of 15000+600000
 16727 words of font info for 64 fonts, out of 8000000 for 9000
 1141 hyphenation exceptions out of 8191
 71i,14n,100p,822b,1274s stack positions out of 5000i,500n,10000p,200000b,80000s
</usr/share/texmf-dist/fonts/type1/public/amsfonts/cm/cmbx12.pfb></usr/share/
texmf-dist/fonts/type1/public/amsfonts/cm/cmcsc10.pfb></usr/share/texmf-dist/fo
nts/type1/public/amsfonts/cm/cmr10.pfb></usr/share/texmf-dist/fonts/type1/publi
c/amsfonts/cm/cmr12.pfb></usr/share/texmf-dist/fonts/type1/public/amsfonts/cm/c
mr6.pfb></usr/share/texmf-dist/fonts/type1/public/amsfonts/cm/cmr7.pfb></usr/sh
are/texmf-dist/fonts/type1/public/amsfonts/cm/cmr8.pfb></usr/share/texmf-dist/f
onts/type1/public/amsfonts/cm/cmss10.pfb></usr/share/texmf-dist/fonts/type1/pub
lic/amsfonts/cm/cmss12.pfb></usr/share/texmf-dist/fonts/type1/public/amsfonts/c
m/cmss17.pfb></usr/share/texmf-dist/fonts/type1/public/amsfonts/cm/cmssbx10.pfb
></usr/share/texmf-dist/fonts/type1/public/amsfonts/cm/cmsy10.pfb></usr/share/t
exmf-dist/fonts/type1/public/amsfonts/cm/cmti12.pfb></usr/share/texmf-dist/font
s/type1/public/amsfonts/cm/cmtt10.pfb></usr/share/texmf-dist/fonts/type1/public
/amsfonts/cm/cmtt12.pfb>
Output written on dipp.pdf (27 pages, 1420930 bytes).
PDF statistics:
 373 PDF objects out of 1000 (max. 8388607)
 311 compressed objects within 4 object streams
 97 named destinations out of 1000 (max. 500000)
 194 words of extra memory for PDF output out of 10000 (max. 10000000)

